语法

    0 $accept: start $end

    1 start: stmt ';'
    2      | HELP
    3      | EXIT
    4      | T_EOF

    5 stmt: dbStmt
    6     | ddl
    7     | dml
    8     | txnStmt
    9     | setStmt

   10 txnStmt: TXN_BEGIN
   11        | TXN_COMMIT
   12        | TXN_ABORT
   13        | TXN_ROLLBACK

   14 dbStmt: SHOW TABLES
   15       | SHOW INDEX FROM tbName

   16 setStmt: SET set_knob_type '=' VALUE_BOOL

   17 ddl: CREATE TABLE tbName '(' fieldList ')'
   18    | DROP TABLE tbName
   19    | DESC tbName
   20    | CREATE INDEX tbName '(' colNameList ')'
   21    | DROP INDEX tbName '(' colNameList ')'

   22 dml: INSERT INTO tbName VALUES '(' valueList ')'
   23    | DELETE FROM tbName optWhereClause
   24    | UPDATE tbName SET setClauses optWhereClause
   25    | SELECT selector FROM tableList optWhereClause opt_group_clause opt_order_clause

   26 fieldList: field
   27          | fieldList ',' field

   28 colNameList: colName
   29            | colNameList ',' colName

   30 field: colName type

   31 type: INT
   32     | CHAR '(' VALUE_INT ')'
   33     | FLOAT

   34 valueList: value
   35          | valueList ',' value

   36 value: VALUE_INT
   37      | VALUE_FLOAT
   38      | VALUE_STRING
   39      | VALUE_BOOL

   40 condition: col op expr

   41 optWhereClause: %empty
   42               | WHERE whereClause

   43 whereClause: condition
   44            | whereClause AND condition

   45 col: tbName '.' colName
   46    | colName

   47 colList: col
   48        | colList ',' col

   49 op: '='
   50   | '<'
   51   | '>'
   52   | NEQ
   53   | LEQ
   54   | GEQ

   55 expr: value
   56     | col

   57 aggregate_expr: COUNT '(' '*' ')'
   58               | COUNT '(' expr ')'
   59               | SUM '(' expr ')'
   60               | AVG '(' expr ')'
   61               | MIN '(' expr ')'
   62               | MAX '(' expr ')'

   63 aggregate_exprs: aggregate_expr
   64                | aggregate_exprs ',' aggregate_expr

   65 setClauses: setClause
   66           | setClauses ',' setClause

   67 setClause: colName '=' value

   68 selector: '*'
   69         | colList
   70         | aggregate_exprs

   71 tableList: tbName
   72          | tableList ',' tbName
   73          | tableList JOIN tbName

   74 opt_order_clause: ORDER BY order_clause
   75                 | %empty

   76 order_clause: col opt_asc_desc

   77 opt_asc_desc: ASC
   78             | DESC
   79             | %empty

   80 opt_group_clause: GROUP BY group_clause
   81                 | %empty

   82 group_clause: colList opt_having_clause

   83 opt_having_clause: HAVING whereClause
   84                  | %empty

   85 set_knob_type: ENABLE_NESTLOOP
   86              | ENABLE_SORTMERGE

   87 tbName: IDENTIFIER

   88 colName: IDENTIFIER


终结语词，附有它们出现处的规则

    $end (0) 0
    '(' (40) 17 20 21 22 32 57 58 59 60 61 62
    ')' (41) 17 20 21 22 32 57 58 59 60 61 62
    '*' (42) 57 68
    ',' (44) 27 29 35 48 64 66 72
    '.' (46) 45
    ';' (59) 1
    '<' (60) 50
    '=' (61) 16 49 67
    '>' (62) 51
    error (256)
    SHOW (258) 14 15
    TABLES (259) 14
    CREATE (260) 17 20
    TABLE (261) 17 18
    DROP (262) 18 21
    DESC (263) 19 78
    INSERT (264) 22
    INTO (265) 22
    VALUES (266) 22
    DELETE (267) 23
    FROM (268) 15 23 25
    ASC (269) 77
    ORDER (270) 74
    BY (271) 74 80
    WHERE (272) 42
    UPDATE (273) 24
    SET (274) 16 24
    SELECT (275) 25
    INT (276) 31
    CHAR (277) 32
    FLOAT (278) 33
    INDEX (279) 15 20 21
    AND (280) 44
    JOIN (281) 73
    EXIT (282) 3
    HELP (283) 2
    TXN_BEGIN (284) 10
    TXN_COMMIT (285) 11
    TXN_ABORT (286) 12
    TXN_ROLLBACK (287) 13
    ENABLE_NESTLOOP (288) 85
    ENABLE_SORTMERGE (289) 86
    LEQ (290) 53
    NEQ (291) 52
    GEQ (292) 54
    T_EOF (293) 4
    COUNT (294) 57 58
    SUM (295) 59
    AVG (296) 60
    MIN (297) 61
    MAX (298) 62
    GROUP (299) 80
    HAVING (300) 83
    IDENTIFIER <sv_str> (301) 87 88
    VALUE_STRING <sv_str> (302) 38
    VALUE_INT <sv_int> (303) 32 36
    VALUE_FLOAT <sv_float> (304) 37
    VALUE_BOOL <sv_bool> (305) 16 39


非终结语词，附有它们出现处的规则

    $accept (60)
        on left: 0
    start (61)
        on left: 1 2 3 4
        on right: 0
    stmt <sv_node> (62)
        on left: 5 6 7 8 9
        on right: 1
    txnStmt <sv_node> (63)
        on left: 10 11 12 13
        on right: 8
    dbStmt <sv_node> (64)
        on left: 14 15
        on right: 5
    setStmt <sv_node> (65)
        on left: 16
        on right: 9
    ddl <sv_node> (66)
        on left: 17 18 19 20 21
        on right: 6
    dml <sv_node> (67)
        on left: 22 23 24 25
        on right: 7
    fieldList <sv_fields> (68)
        on left: 26 27
        on right: 17 27
    colNameList <sv_strs> (69)
        on left: 28 29
        on right: 20 21 29
    field <sv_field> (70)
        on left: 30
        on right: 26 27
    type <sv_type_len> (71)
        on left: 31 32 33
        on right: 30
    valueList <sv_vals> (72)
        on left: 34 35
        on right: 22 35
    value <sv_val> (73)
        on left: 36 37 38 39
        on right: 34 35 55 67
    condition <sv_cond> (74)
        on left: 40
        on right: 43 44
    optWhereClause <sv_conds> (75)
        on left: 41 42
        on right: 23 24 25
    whereClause <sv_conds> (76)
        on left: 43 44
        on right: 42 44 83
    col <sv_col> (77)
        on left: 45 46
        on right: 40 47 48 56 76
    colList <sv_cols> (78)
        on left: 47 48
        on right: 48 69 82
    op <sv_comp_op> (79)
        on left: 49 50 51 52 53 54
        on right: 40
    expr <sv_expr> (80)
        on left: 55 56
        on right: 40 58 59 60 61 62
    aggregate_expr <sv_aggregate_expr> (81)
        on left: 57 58 59 60 61 62
        on right: 63 64
    aggregate_exprs <sv_aggregate_exprs> (82)
        on left: 63 64
        on right: 64 70
    setClauses <sv_set_clauses> (83)
        on left: 65 66
        on right: 24 66
    setClause <sv_set_clause> (84)
        on left: 67
        on right: 65 66
    selector <sv_exprs> (85)
        on left: 68 69 70
        on right: 25
    tableList <sv_strs> (86)
        on left: 71 72 73
        on right: 25 72 73
    opt_order_clause <sv_orderby> (87)
        on left: 74 75
        on right: 25
    order_clause <sv_orderby> (88)
        on left: 76
        on right: 74
    opt_asc_desc <sv_orderby_dir> (89)
        on left: 77 78 79
        on right: 76
    opt_group_clause <sv_group_by> (90)
        on left: 80 81
        on right: 25
    group_clause <sv_group_by> (91)
        on left: 82
        on right: 80
    opt_having_clause <sv_having> (92)
        on left: 83 84
        on right: 82
    set_knob_type <sv_setKnobType> (93)
        on left: 85 86
        on right: 16
    tbName <sv_str> (94)
        on left: 87
        on right: 15 17 18 19 20 21 22 23 24 45 71 72 73
    colName <sv_str> (95)
        on left: 88
        on right: 28 29 30 45 46 67


状态 0

    0 $accept: . start $end

    SHOW          偏移，并进入状态 1
    CREATE        偏移，并进入状态 2
    DROP          偏移，并进入状态 3
    DESC          偏移，并进入状态 4
    INSERT        偏移，并进入状态 5
    DELETE        偏移，并进入状态 6
    UPDATE        偏移，并进入状态 7
    SET           偏移，并进入状态 8
    SELECT        偏移，并进入状态 9
    EXIT          偏移，并进入状态 10
    HELP          偏移，并进入状态 11
    TXN_BEGIN     偏移，并进入状态 12
    TXN_COMMIT    偏移，并进入状态 13
    TXN_ABORT     偏移，并进入状态 14
    TXN_ROLLBACK  偏移，并进入状态 15
    T_EOF         偏移，并进入状态 16

    start    转到状态 17
    stmt     转到状态 18
    txnStmt  转到状态 19
    dbStmt   转到状态 20
    setStmt  转到状态 21
    ddl      转到状态 22
    dml      转到状态 23


状态 1

   14 dbStmt: SHOW . TABLES
   15       | SHOW . INDEX FROM tbName

    TABLES  偏移，并进入状态 24
    INDEX   偏移，并进入状态 25


状态 2

   17 ddl: CREATE . TABLE tbName '(' fieldList ')'
   20    | CREATE . INDEX tbName '(' colNameList ')'

    TABLE  偏移，并进入状态 26
    INDEX  偏移，并进入状态 27


状态 3

   18 ddl: DROP . TABLE tbName
   21    | DROP . INDEX tbName '(' colNameList ')'

    TABLE  偏移，并进入状态 28
    INDEX  偏移，并进入状态 29


状态 4

   19 ddl: DESC . tbName

    IDENTIFIER  偏移，并进入状态 30

    tbName  转到状态 31


状态 5

   22 dml: INSERT . INTO tbName VALUES '(' valueList ')'

    INTO  偏移，并进入状态 32


状态 6

   23 dml: DELETE . FROM tbName optWhereClause

    FROM  偏移，并进入状态 33


状态 7

   24 dml: UPDATE . tbName SET setClauses optWhereClause

    IDENTIFIER  偏移，并进入状态 30

    tbName  转到状态 34


状态 8

   16 setStmt: SET . set_knob_type '=' VALUE_BOOL

    ENABLE_NESTLOOP   偏移，并进入状态 35
    ENABLE_SORTMERGE  偏移，并进入状态 36

    set_knob_type  转到状态 37


状态 9

   25 dml: SELECT . selector FROM tableList optWhereClause opt_group_clause opt_order_clause

    COUNT       偏移，并进入状态 38
    SUM         偏移，并进入状态 39
    AVG         偏移，并进入状态 40
    MIN         偏移，并进入状态 41
    MAX         偏移，并进入状态 42
    IDENTIFIER  偏移，并进入状态 43
    '*'         偏移，并进入状态 44

    col              转到状态 45
    colList          转到状态 46
    aggregate_expr   转到状态 47
    aggregate_exprs  转到状态 48
    selector         转到状态 49
    tbName           转到状态 50
    colName          转到状态 51


状态 10

    3 start: EXIT .

    $default  使用规则 3 以归约 (start)


状态 11

    2 start: HELP .

    $default  使用规则 2 以归约 (start)


状态 12

   10 txnStmt: TXN_BEGIN .

    $default  使用规则 10 以归约 (txnStmt)


状态 13

   11 txnStmt: TXN_COMMIT .

    $default  使用规则 11 以归约 (txnStmt)


状态 14

   12 txnStmt: TXN_ABORT .

    $default  使用规则 12 以归约 (txnStmt)


状态 15

   13 txnStmt: TXN_ROLLBACK .

    $default  使用规则 13 以归约 (txnStmt)


状态 16

    4 start: T_EOF .

    $default  使用规则 4 以归约 (start)


状态 17

    0 $accept: start . $end

    $end  偏移，并进入状态 52


状态 18

    1 start: stmt . ';'

    ';'  偏移，并进入状态 53


状态 19

    8 stmt: txnStmt .

    $default  使用规则 8 以归约 (stmt)


状态 20

    5 stmt: dbStmt .

    $default  使用规则 5 以归约 (stmt)


状态 21

    9 stmt: setStmt .

    $default  使用规则 9 以归约 (stmt)


状态 22

    6 stmt: ddl .

    $default  使用规则 6 以归约 (stmt)


状态 23

    7 stmt: dml .

    $default  使用规则 7 以归约 (stmt)


状态 24

   14 dbStmt: SHOW TABLES .

    $default  使用规则 14 以归约 (dbStmt)


状态 25

   15 dbStmt: SHOW INDEX . FROM tbName

    FROM  偏移，并进入状态 54


状态 26

   17 ddl: CREATE TABLE . tbName '(' fieldList ')'

    IDENTIFIER  偏移，并进入状态 30

    tbName  转到状态 55


状态 27

   20 ddl: CREATE INDEX . tbName '(' colNameList ')'

    IDENTIFIER  偏移，并进入状态 30

    tbName  转到状态 56


状态 28

   18 ddl: DROP TABLE . tbName

    IDENTIFIER  偏移，并进入状态 30

    tbName  转到状态 57


状态 29

   21 ddl: DROP INDEX . tbName '(' colNameList ')'

    IDENTIFIER  偏移，并进入状态 30

    tbName  转到状态 58


状态 30

   87 tbName: IDENTIFIER .

    $default  使用规则 87 以归约 (tbName)


状态 31

   19 ddl: DESC tbName .

    $default  使用规则 19 以归约 (ddl)


状态 32

   22 dml: INSERT INTO . tbName VALUES '(' valueList ')'

    IDENTIFIER  偏移，并进入状态 30

    tbName  转到状态 59


状态 33

   23 dml: DELETE FROM . tbName optWhereClause

    IDENTIFIER  偏移，并进入状态 30

    tbName  转到状态 60


状态 34

   24 dml: UPDATE tbName . SET setClauses optWhereClause

    SET  偏移，并进入状态 61


状态 35

   85 set_knob_type: ENABLE_NESTLOOP .

    $default  使用规则 85 以归约 (set_knob_type)


状态 36

   86 set_knob_type: ENABLE_SORTMERGE .

    $default  使用规则 86 以归约 (set_knob_type)


状态 37

   16 setStmt: SET set_knob_type . '=' VALUE_BOOL

    '='  偏移，并进入状态 62


状态 38

   57 aggregate_expr: COUNT . '(' '*' ')'
   58               | COUNT . '(' expr ')'

    '('  偏移，并进入状态 63


状态 39

   59 aggregate_expr: SUM . '(' expr ')'

    '('  偏移，并进入状态 64


状态 40

   60 aggregate_expr: AVG . '(' expr ')'

    '('  偏移，并进入状态 65


状态 41

   61 aggregate_expr: MIN . '(' expr ')'

    '('  偏移，并进入状态 66


状态 42

   62 aggregate_expr: MAX . '(' expr ')'

    '('  偏移，并进入状态 67


状态 43

   87 tbName: IDENTIFIER .
   88 colName: IDENTIFIER .

    '.'       使用规则 87 以归约 (tbName)
    $default  使用规则 88 以归约 (colName)


状态 44

   68 selector: '*' .

    $default  使用规则 68 以归约 (selector)


状态 45

   47 colList: col .

    $default  使用规则 47 以归约 (colList)


状态 46

   48 colList: colList . ',' col
   69 selector: colList .

    ','  偏移，并进入状态 68

    $default  使用规则 69 以归约 (selector)


状态 47

   63 aggregate_exprs: aggregate_expr .

    $default  使用规则 63 以归约 (aggregate_exprs)


状态 48

   64 aggregate_exprs: aggregate_exprs . ',' aggregate_expr
   70 selector: aggregate_exprs .

    ','  偏移，并进入状态 69

    $default  使用规则 70 以归约 (selector)


状态 49

   25 dml: SELECT selector . FROM tableList optWhereClause opt_group_clause opt_order_clause

    FROM  偏移，并进入状态 70


状态 50

   45 col: tbName . '.' colName

    '.'  偏移，并进入状态 71


状态 51

   46 col: colName .

    $default  使用规则 46 以归约 (col)


状态 52

    0 $accept: start $end .

    $default  接受


状态 53

    1 start: stmt ';' .

    $default  使用规则 1 以归约 (start)


状态 54

   15 dbStmt: SHOW INDEX FROM . tbName

    IDENTIFIER  偏移，并进入状态 30

    tbName  转到状态 72


状态 55

   17 ddl: CREATE TABLE tbName . '(' fieldList ')'

    '('  偏移，并进入状态 73


状态 56

   20 ddl: CREATE INDEX tbName . '(' colNameList ')'

    '('  偏移，并进入状态 74


状态 57

   18 ddl: DROP TABLE tbName .

    $default  使用规则 18 以归约 (ddl)


状态 58

   21 ddl: DROP INDEX tbName . '(' colNameList ')'

    '('  偏移，并进入状态 75


状态 59

   22 dml: INSERT INTO tbName . VALUES '(' valueList ')'

    VALUES  偏移，并进入状态 76


状态 60

   23 dml: DELETE FROM tbName . optWhereClause

    WHERE  偏移，并进入状态 77

    $default  使用规则 41 以归约 (optWhereClause)

    optWhereClause  转到状态 78


状态 61

   24 dml: UPDATE tbName SET . setClauses optWhereClause

    IDENTIFIER  偏移，并进入状态 79

    setClauses  转到状态 80
    setClause   转到状态 81
    colName     转到状态 82


状态 62

   16 setStmt: SET set_knob_type '=' . VALUE_BOOL

    VALUE_BOOL  偏移，并进入状态 83


状态 63

   57 aggregate_expr: COUNT '(' . '*' ')'
   58               | COUNT '(' . expr ')'

    IDENTIFIER    偏移，并进入状态 43
    VALUE_STRING  偏移，并进入状态 84
    VALUE_INT     偏移，并进入状态 85
    VALUE_FLOAT   偏移，并进入状态 86
    VALUE_BOOL    偏移，并进入状态 87
    '*'           偏移，并进入状态 88

    value    转到状态 89
    col      转到状态 90
    expr     转到状态 91
    tbName   转到状态 50
    colName  转到状态 51


状态 64

   59 aggregate_expr: SUM '(' . expr ')'

    IDENTIFIER    偏移，并进入状态 43
    VALUE_STRING  偏移，并进入状态 84
    VALUE_INT     偏移，并进入状态 85
    VALUE_FLOAT   偏移，并进入状态 86
    VALUE_BOOL    偏移，并进入状态 87

    value    转到状态 89
    col      转到状态 90
    expr     转到状态 92
    tbName   转到状态 50
    colName  转到状态 51


状态 65

   60 aggregate_expr: AVG '(' . expr ')'

    IDENTIFIER    偏移，并进入状态 43
    VALUE_STRING  偏移，并进入状态 84
    VALUE_INT     偏移，并进入状态 85
    VALUE_FLOAT   偏移，并进入状态 86
    VALUE_BOOL    偏移，并进入状态 87

    value    转到状态 89
    col      转到状态 90
    expr     转到状态 93
    tbName   转到状态 50
    colName  转到状态 51


状态 66

   61 aggregate_expr: MIN '(' . expr ')'

    IDENTIFIER    偏移，并进入状态 43
    VALUE_STRING  偏移，并进入状态 84
    VALUE_INT     偏移，并进入状态 85
    VALUE_FLOAT   偏移，并进入状态 86
    VALUE_BOOL    偏移，并进入状态 87

    value    转到状态 89
    col      转到状态 90
    expr     转到状态 94
    tbName   转到状态 50
    colName  转到状态 51


状态 67

   62 aggregate_expr: MAX '(' . expr ')'

    IDENTIFIER    偏移，并进入状态 43
    VALUE_STRING  偏移，并进入状态 84
    VALUE_INT     偏移，并进入状态 85
    VALUE_FLOAT   偏移，并进入状态 86
    VALUE_BOOL    偏移，并进入状态 87

    value    转到状态 89
    col      转到状态 90
    expr     转到状态 95
    tbName   转到状态 50
    colName  转到状态 51


状态 68

   48 colList: colList ',' . col

    IDENTIFIER  偏移，并进入状态 43

    col      转到状态 96
    tbName   转到状态 50
    colName  转到状态 51


状态 69

   64 aggregate_exprs: aggregate_exprs ',' . aggregate_expr

    COUNT  偏移，并进入状态 38
    SUM    偏移，并进入状态 39
    AVG    偏移，并进入状态 40
    MIN    偏移，并进入状态 41
    MAX    偏移，并进入状态 42

    aggregate_expr  转到状态 97


状态 70

   25 dml: SELECT selector FROM . tableList optWhereClause opt_group_clause opt_order_clause

    IDENTIFIER  偏移，并进入状态 30

    tableList  转到状态 98
    tbName     转到状态 99


状态 71

   45 col: tbName '.' . colName

    IDENTIFIER  偏移，并进入状态 79

    colName  转到状态 100


状态 72

   15 dbStmt: SHOW INDEX FROM tbName .

    $default  使用规则 15 以归约 (dbStmt)


状态 73

   17 ddl: CREATE TABLE tbName '(' . fieldList ')'

    IDENTIFIER  偏移，并进入状态 79

    fieldList  转到状态 101
    field      转到状态 102
    colName    转到状态 103


状态 74

   20 ddl: CREATE INDEX tbName '(' . colNameList ')'

    IDENTIFIER  偏移，并进入状态 79

    colNameList  转到状态 104
    colName      转到状态 105


状态 75

   21 ddl: DROP INDEX tbName '(' . colNameList ')'

    IDENTIFIER  偏移，并进入状态 79

    colNameList  转到状态 106
    colName      转到状态 105


状态 76

   22 dml: INSERT INTO tbName VALUES . '(' valueList ')'

    '('  偏移，并进入状态 107


状态 77

   42 optWhereClause: WHERE . whereClause

    IDENTIFIER  偏移，并进入状态 43

    condition    转到状态 108
    whereClause  转到状态 109
    col          转到状态 110
    tbName       转到状态 50
    colName      转到状态 51


状态 78

   23 dml: DELETE FROM tbName optWhereClause .

    $default  使用规则 23 以归约 (dml)


状态 79

   88 colName: IDENTIFIER .

    $default  使用规则 88 以归约 (colName)


状态 80

   24 dml: UPDATE tbName SET setClauses . optWhereClause
   66 setClauses: setClauses . ',' setClause

    WHERE  偏移，并进入状态 77
    ','    偏移，并进入状态 111

    $default  使用规则 41 以归约 (optWhereClause)

    optWhereClause  转到状态 112


状态 81

   65 setClauses: setClause .

    $default  使用规则 65 以归约 (setClauses)


状态 82

   67 setClause: colName . '=' value

    '='  偏移，并进入状态 113


状态 83

   16 setStmt: SET set_knob_type '=' VALUE_BOOL .

    $default  使用规则 16 以归约 (setStmt)


状态 84

   38 value: VALUE_STRING .

    $default  使用规则 38 以归约 (value)


状态 85

   36 value: VALUE_INT .

    $default  使用规则 36 以归约 (value)


状态 86

   37 value: VALUE_FLOAT .

    $default  使用规则 37 以归约 (value)


状态 87

   39 value: VALUE_BOOL .

    $default  使用规则 39 以归约 (value)


状态 88

   57 aggregate_expr: COUNT '(' '*' . ')'

    ')'  偏移，并进入状态 114


状态 89

   55 expr: value .

    $default  使用规则 55 以归约 (expr)


状态 90

   56 expr: col .

    $default  使用规则 56 以归约 (expr)


状态 91

   58 aggregate_expr: COUNT '(' expr . ')'

    ')'  偏移，并进入状态 115


状态 92

   59 aggregate_expr: SUM '(' expr . ')'

    ')'  偏移，并进入状态 116


状态 93

   60 aggregate_expr: AVG '(' expr . ')'

    ')'  偏移，并进入状态 117


状态 94

   61 aggregate_expr: MIN '(' expr . ')'

    ')'  偏移，并进入状态 118


状态 95

   62 aggregate_expr: MAX '(' expr . ')'

    ')'  偏移，并进入状态 119


状态 96

   48 colList: colList ',' col .

    $default  使用规则 48 以归约 (colList)


状态 97

   64 aggregate_exprs: aggregate_exprs ',' aggregate_expr .

    $default  使用规则 64 以归约 (aggregate_exprs)


状态 98

   25 dml: SELECT selector FROM tableList . optWhereClause opt_group_clause opt_order_clause
   72 tableList: tableList . ',' tbName
   73          | tableList . JOIN tbName

    WHERE  偏移，并进入状态 77
    JOIN   偏移，并进入状态 120
    ','    偏移，并进入状态 121

    $default  使用规则 41 以归约 (optWhereClause)

    optWhereClause  转到状态 122


状态 99

   71 tableList: tbName .

    $default  使用规则 71 以归约 (tableList)


状态 100

   45 col: tbName '.' colName .

    $default  使用规则 45 以归约 (col)


状态 101

   17 ddl: CREATE TABLE tbName '(' fieldList . ')'
   27 fieldList: fieldList . ',' field

    ')'  偏移，并进入状态 123
    ','  偏移，并进入状态 124


状态 102

   26 fieldList: field .

    $default  使用规则 26 以归约 (fieldList)


状态 103

   30 field: colName . type

    INT    偏移，并进入状态 125
    CHAR   偏移，并进入状态 126
    FLOAT  偏移，并进入状态 127

    type  转到状态 128


状态 104

   20 ddl: CREATE INDEX tbName '(' colNameList . ')'
   29 colNameList: colNameList . ',' colName

    ')'  偏移，并进入状态 129
    ','  偏移，并进入状态 130


状态 105

   28 colNameList: colName .

    $default  使用规则 28 以归约 (colNameList)


状态 106

   21 ddl: DROP INDEX tbName '(' colNameList . ')'
   29 colNameList: colNameList . ',' colName

    ')'  偏移，并进入状态 131
    ','  偏移，并进入状态 130


状态 107

   22 dml: INSERT INTO tbName VALUES '(' . valueList ')'

    VALUE_STRING  偏移，并进入状态 84
    VALUE_INT     偏移，并进入状态 85
    VALUE_FLOAT   偏移，并进入状态 86
    VALUE_BOOL    偏移，并进入状态 87

    valueList  转到状态 132
    value      转到状态 133


状态 108

   43 whereClause: condition .

    $default  使用规则 43 以归约 (whereClause)


状态 109

   42 optWhereClause: WHERE whereClause .
   44 whereClause: whereClause . AND condition

    AND  偏移，并进入状态 134

    $default  使用规则 42 以归约 (optWhereClause)


状态 110

   40 condition: col . op expr

    LEQ  偏移，并进入状态 135
    NEQ  偏移，并进入状态 136
    GEQ  偏移，并进入状态 137
    '='  偏移，并进入状态 138
    '<'  偏移，并进入状态 139
    '>'  偏移，并进入状态 140

    op  转到状态 141


状态 111

   66 setClauses: setClauses ',' . setClause

    IDENTIFIER  偏移，并进入状态 79

    setClause  转到状态 142
    colName    转到状态 82


状态 112

   24 dml: UPDATE tbName SET setClauses optWhereClause .

    $default  使用规则 24 以归约 (dml)


状态 113

   67 setClause: colName '=' . value

    VALUE_STRING  偏移，并进入状态 84
    VALUE_INT     偏移，并进入状态 85
    VALUE_FLOAT   偏移，并进入状态 86
    VALUE_BOOL    偏移，并进入状态 87

    value  转到状态 143


状态 114

   57 aggregate_expr: COUNT '(' '*' ')' .

    $default  使用规则 57 以归约 (aggregate_expr)


状态 115

   58 aggregate_expr: COUNT '(' expr ')' .

    $default  使用规则 58 以归约 (aggregate_expr)


状态 116

   59 aggregate_expr: SUM '(' expr ')' .

    $default  使用规则 59 以归约 (aggregate_expr)


状态 117

   60 aggregate_expr: AVG '(' expr ')' .

    $default  使用规则 60 以归约 (aggregate_expr)


状态 118

   61 aggregate_expr: MIN '(' expr ')' .

    $default  使用规则 61 以归约 (aggregate_expr)


状态 119

   62 aggregate_expr: MAX '(' expr ')' .

    $default  使用规则 62 以归约 (aggregate_expr)


状态 120

   73 tableList: tableList JOIN . tbName

    IDENTIFIER  偏移，并进入状态 30

    tbName  转到状态 144


状态 121

   72 tableList: tableList ',' . tbName

    IDENTIFIER  偏移，并进入状态 30

    tbName  转到状态 145


状态 122

   25 dml: SELECT selector FROM tableList optWhereClause . opt_group_clause opt_order_clause

    GROUP  偏移，并进入状态 146

    $default  使用规则 81 以归约 (opt_group_clause)

    opt_group_clause  转到状态 147


状态 123

   17 ddl: CREATE TABLE tbName '(' fieldList ')' .

    $default  使用规则 17 以归约 (ddl)


状态 124

   27 fieldList: fieldList ',' . field

    IDENTIFIER  偏移，并进入状态 79

    field    转到状态 148
    colName  转到状态 103


状态 125

   31 type: INT .

    $default  使用规则 31 以归约 (type)


状态 126

   32 type: CHAR . '(' VALUE_INT ')'

    '('  偏移，并进入状态 149


状态 127

   33 type: FLOAT .

    $default  使用规则 33 以归约 (type)


状态 128

   30 field: colName type .

    $default  使用规则 30 以归约 (field)


状态 129

   20 ddl: CREATE INDEX tbName '(' colNameList ')' .

    $default  使用规则 20 以归约 (ddl)


状态 130

   29 colNameList: colNameList ',' . colName

    IDENTIFIER  偏移，并进入状态 79

    colName  转到状态 150


状态 131

   21 ddl: DROP INDEX tbName '(' colNameList ')' .

    $default  使用规则 21 以归约 (ddl)


状态 132

   22 dml: INSERT INTO tbName VALUES '(' valueList . ')'
   35 valueList: valueList . ',' value

    ')'  偏移，并进入状态 151
    ','  偏移，并进入状态 152


状态 133

   34 valueList: value .

    $default  使用规则 34 以归约 (valueList)


状态 134

   44 whereClause: whereClause AND . condition

    IDENTIFIER  偏移，并进入状态 43

    condition  转到状态 153
    col        转到状态 110
    tbName     转到状态 50
    colName    转到状态 51


状态 135

   53 op: LEQ .

    $default  使用规则 53 以归约 (op)


状态 136

   52 op: NEQ .

    $default  使用规则 52 以归约 (op)


状态 137

   54 op: GEQ .

    $default  使用规则 54 以归约 (op)


状态 138

   49 op: '=' .

    $default  使用规则 49 以归约 (op)


状态 139

   50 op: '<' .

    $default  使用规则 50 以归约 (op)


状态 140

   51 op: '>' .

    $default  使用规则 51 以归约 (op)


状态 141

   40 condition: col op . expr

    IDENTIFIER    偏移，并进入状态 43
    VALUE_STRING  偏移，并进入状态 84
    VALUE_INT     偏移，并进入状态 85
    VALUE_FLOAT   偏移，并进入状态 86
    VALUE_BOOL    偏移，并进入状态 87

    value    转到状态 89
    col      转到状态 90
    expr     转到状态 154
    tbName   转到状态 50
    colName  转到状态 51


状态 142

   66 setClauses: setClauses ',' setClause .

    $default  使用规则 66 以归约 (setClauses)


状态 143

   67 setClause: colName '=' value .

    $default  使用规则 67 以归约 (setClause)


状态 144

   73 tableList: tableList JOIN tbName .

    $default  使用规则 73 以归约 (tableList)


状态 145

   72 tableList: tableList ',' tbName .

    $default  使用规则 72 以归约 (tableList)


状态 146

   80 opt_group_clause: GROUP . BY group_clause

    BY  偏移，并进入状态 155


状态 147

   25 dml: SELECT selector FROM tableList optWhereClause opt_group_clause . opt_order_clause

    ORDER  偏移，并进入状态 156

    $default  使用规则 75 以归约 (opt_order_clause)

    opt_order_clause  转到状态 157


状态 148

   27 fieldList: fieldList ',' field .

    $default  使用规则 27 以归约 (fieldList)


状态 149

   32 type: CHAR '(' . VALUE_INT ')'

    VALUE_INT  偏移，并进入状态 158


状态 150

   29 colNameList: colNameList ',' colName .

    $default  使用规则 29 以归约 (colNameList)


状态 151

   22 dml: INSERT INTO tbName VALUES '(' valueList ')' .

    $default  使用规则 22 以归约 (dml)


状态 152

   35 valueList: valueList ',' . value

    VALUE_STRING  偏移，并进入状态 84
    VALUE_INT     偏移，并进入状态 85
    VALUE_FLOAT   偏移，并进入状态 86
    VALUE_BOOL    偏移，并进入状态 87

    value  转到状态 159


状态 153

   44 whereClause: whereClause AND condition .

    $default  使用规则 44 以归约 (whereClause)


状态 154

   40 condition: col op expr .

    $default  使用规则 40 以归约 (condition)


状态 155

   80 opt_group_clause: GROUP BY . group_clause

    IDENTIFIER  偏移，并进入状态 43

    col           转到状态 45
    colList       转到状态 160
    group_clause  转到状态 161
    tbName        转到状态 50
    colName       转到状态 51


状态 156

   74 opt_order_clause: ORDER . BY order_clause

    BY  偏移，并进入状态 162


状态 157

   25 dml: SELECT selector FROM tableList optWhereClause opt_group_clause opt_order_clause .

    $default  使用规则 25 以归约 (dml)


状态 158

   32 type: CHAR '(' VALUE_INT . ')'

    ')'  偏移，并进入状态 163


状态 159

   35 valueList: valueList ',' value .

    $default  使用规则 35 以归约 (valueList)


状态 160

   48 colList: colList . ',' col
   82 group_clause: colList . opt_having_clause

    HAVING  偏移，并进入状态 164
    ','     偏移，并进入状态 68

    $default  使用规则 84 以归约 (opt_having_clause)

    opt_having_clause  转到状态 165


状态 161

   80 opt_group_clause: GROUP BY group_clause .

    $default  使用规则 80 以归约 (opt_group_clause)


状态 162

   74 opt_order_clause: ORDER BY . order_clause

    IDENTIFIER  偏移，并进入状态 43

    col           转到状态 166
    order_clause  转到状态 167
    tbName        转到状态 50
    colName       转到状态 51


状态 163

   32 type: CHAR '(' VALUE_INT ')' .

    $default  使用规则 32 以归约 (type)


状态 164

   83 opt_having_clause: HAVING . whereClause

    IDENTIFIER  偏移，并进入状态 43

    condition    转到状态 108
    whereClause  转到状态 168
    col          转到状态 110
    tbName       转到状态 50
    colName      转到状态 51


状态 165

   82 group_clause: colList opt_having_clause .

    $default  使用规则 82 以归约 (group_clause)


状态 166

   76 order_clause: col . opt_asc_desc

    DESC  偏移，并进入状态 169
    ASC   偏移，并进入状态 170

    $default  使用规则 79 以归约 (opt_asc_desc)

    opt_asc_desc  转到状态 171


状态 167

   74 opt_order_clause: ORDER BY order_clause .

    $default  使用规则 74 以归约 (opt_order_clause)


状态 168

   44 whereClause: whereClause . AND condition
   83 opt_having_clause: HAVING whereClause .

    AND  偏移，并进入状态 134

    $default  使用规则 83 以归约 (opt_having_clause)


状态 169

   78 opt_asc_desc: DESC .

    $default  使用规则 78 以归约 (opt_asc_desc)


状态 170

   77 opt_asc_desc: ASC .

    $default  使用规则 77 以归约 (opt_asc_desc)


状态 171

   76 order_clause: col opt_asc_desc .

    $default  使用规则 76 以归约 (order_clause)
